[INFO] 2025-04-28 16:34:46.048 [main] LoggerLoad - Sign Out link is displayed successfully.
[INFO] 2025-04-28 16:34:49.935 [main] LoggerLoad - Sign Out link is displayed successfully.
[INFO] 2025-04-28 16:34:53.605 [main] LoggerLoad - Sign Out link is displayed successfully.
[INFO] 2025-04-28 16:34:57.710 [main] LoggerLoad - Sign Out link is displayed successfully.
[INFO] 2025-04-28 16:35:02.113 [main] LoggerLoad - Sign Out link is displayed successfully.
[INFO] 2025-04-28 16:47:14.891 [main] LoggerLoad - Sign Page is displayed
[INFO] 2025-04-28 16:47:16.452 [main] LoggerLoad - Sign Out link is displayed successfully.
[INFO] 2025-04-28 16:47:16.467 [main] LoggerLoad - NumpyNinja is displayed
[INFO] 2025-04-28 16:47:19.206 [main] LoggerLoad - Sign Page is displayed
[INFO] 2025-04-28 16:47:20.168 [main] LoggerLoad - Sign Out link is displayed successfully.
[INFO] 2025-04-28 16:47:20.179 [main] LoggerLoad - NumpyNinja is displayed
[INFO] 2025-04-28 16:47:22.909 [main] LoggerLoad - Sign Page is displayed
[INFO] 2025-04-28 16:47:23.932 [main] LoggerLoad - Sign Out link is displayed successfully.
[INFO] 2025-04-28 16:47:24.203 [main] LoggerLoad - Array is displayed
[INFO] 2025-04-28 16:47:27.106 [main] LoggerLoad - Sign Page is displayed
[INFO] 2025-04-28 16:47:28.099 [main] LoggerLoad - Sign Out link is displayed successfully.
[INFO] 2025-04-28 16:47:28.734 [main] LoggerLoad - Arrays in Python is displayed
[INFO] 2025-04-28 16:47:31.599 [main] LoggerLoad - Sign Page is displayed
[INFO] 2025-04-28 16:47:32.502 [main] LoggerLoad - Sign Out link is displayed successfully.
[INFO] 2025-04-28 16:47:34.107 [main] LoggerLoad - Assessment is displayed
[INFO] 2025-04-28 16:47:40.081 [main] LoggerLoad - Sign Page is displayed
[INFO] 2025-04-28 16:47:41.065 [main] LoggerLoad - Sign Out link is displayed successfully.
[INFO] 2025-04-28 16:47:42.325 [main] LoggerLoad - Assessment is displayed
[INFO] 2025-04-28 16:47:49.091 [main] LoggerLoad - Sign Page is displayed
[INFO] 2025-04-28 16:47:50.021 [main] LoggerLoad - Sign Out link is displayed successfully.
[INFO] 2025-04-28 16:47:51.526 [main] LoggerLoad - Assessment is displayed
[INFO] 2025-04-28 16:47:56.948 [main] LoggerLoad - Sign Page is displayed
[INFO] 2025-04-28 16:47:57.842 [main] LoggerLoad - Sign Out link is displayed successfully.
[INFO] 2025-04-28 16:47:59.072 [main] LoggerLoad - Assessment is displayed
[INFO] 2025-04-28 16:48:04.480 [main] LoggerLoad - Sign Page is displayed
[INFO] 2025-04-28 16:48:05.327 [main] LoggerLoad - Sign Out link is displayed successfully.
[INFO] 2025-04-28 16:48:05.998 [main] LoggerLoad - Arrays in Python is displayed
[INFO] 2025-04-28 16:48:08.529 [main] LoggerLoad - Sign Page is displayed
[INFO] 2025-04-28 16:48:09.495 [main] LoggerLoad - Sign Out link is displayed successfully.
[INFO] 2025-04-28 16:48:10.403 [main] LoggerLoad - Practice Questions is displayed
[INFO] 2025-04-28 16:48:13.144 [main] LoggerLoad - Sign Page is displayed
[INFO] 2025-04-28 16:48:13.977 [main] LoggerLoad - Sign Out link is displayed successfully.
[INFO] 2025-04-28 16:48:15.420 [main] LoggerLoad - Assessment is displayed
[INFO] 2025-04-28 16:48:21.243 [main] LoggerLoad - Sign Page is displayed
[INFO] 2025-04-28 16:48:22.160 [main] LoggerLoad - Sign Out link is displayed successfully.
[INFO] 2025-04-28 16:48:23.683 [main] LoggerLoad - Assessment is displayed
[INFO] 2025-04-28 16:48:29.202 [main] LoggerLoad - Sign Page is displayed
[INFO] 2025-04-28 16:48:30.109 [main] LoggerLoad - Sign Out link is displayed successfully.
[INFO] 2025-04-28 16:48:31.519 [main] LoggerLoad - Assessment is displayed
[INFO] 2025-04-28 16:48:36.948 [main] LoggerLoad - Sign Page is displayed
[INFO] 2025-04-28 16:48:37.811 [main] LoggerLoad - Sign Out link is displayed successfully.
[INFO] 2025-04-28 16:48:39.236 [main] LoggerLoad - Assessment is displayed
[INFO] 2025-04-28 16:48:45.218 [main] LoggerLoad - Sign Page is displayed
[INFO] 2025-04-28 16:48:46.102 [main] LoggerLoad - Sign Out link is displayed successfully.
[INFO] 2025-04-28 16:48:47.529 [main] LoggerLoad - Assessment is displayed
[INFO] 2025-04-28 16:48:53.500 [main] LoggerLoad - Sign Page is displayed
[INFO] 2025-04-28 16:48:54.376 [main] LoggerLoad - Sign Out link is displayed successfully.
[INFO] 2025-04-28 16:48:55.913 [main] LoggerLoad - Assessment is displayed
[INFO] 2025-04-28 16:49:02.711 [main] LoggerLoad - Sign Page is displayed
[INFO] 2025-04-28 16:49:03.579 [main] LoggerLoad - Sign Out link is displayed successfully.
[INFO] 2025-04-28 16:49:04.626 [main] LoggerLoad - Practice Questions is displayed
[INFO] 2025-04-28 16:49:08.156 [main] LoggerLoad - Sign Page is displayed
[INFO] 2025-04-28 16:49:09.027 [main] LoggerLoad - Sign Out link is displayed successfully.
[INFO] 2025-04-28 16:49:10.734 [main] LoggerLoad - Assessment is displayed
[INFO] 2025-04-28 16:49:16.128 [main] LoggerLoad - Sign Page is displayed
[INFO] 2025-04-28 16:49:17.040 [main] LoggerLoad - Sign Out link is displayed successfully.
[INFO] 2025-04-28 16:49:18.536 [main] LoggerLoad - Assessment is displayed
[INFO] 2025-04-28 16:49:23.972 [main] LoggerLoad - Sign Page is displayed
[INFO] 2025-04-28 16:49:24.960 [main] LoggerLoad - Sign Out link is displayed successfully.
[INFO] 2025-04-28 16:49:26.533 [main] LoggerLoad - Assessment is displayed
[INFO] 2025-04-28 16:49:42.370 [main] LoggerLoad - Sign Page is displayed
[INFO] 2025-04-28 16:49:43.247 [main] LoggerLoad - Sign Out link is displayed successfully.
[INFO] 2025-04-28 16:49:44.795 [main] LoggerLoad - Assessment is displayed
[INFO] 2025-04-28 16:49:50.941 [main] LoggerLoad - Sign Page is displayed
[INFO] 2025-04-28 16:49:51.877 [main] LoggerLoad - Sign Out link is displayed successfully.
[INFO] 2025-04-28 16:49:53.437 [main] LoggerLoad - Assessment is displayed
[INFO] 2025-04-28 16:49:59.386 [main] LoggerLoad - Sign Page is displayed
[INFO] 2025-04-28 16:50:00.495 [main] LoggerLoad - Sign Out link is displayed successfully.
[INFO] 2025-04-28 16:50:02.185 [main] LoggerLoad - Assessment is displayed
[INFO] 2025-04-28 16:50:10.171 [main] LoggerLoad - Sign Page is displayed
[INFO] 2025-04-28 16:50:11.454 [main] LoggerLoad - Sign Out link is displayed successfully.
[INFO] 2025-04-28 16:50:13.161 [main] LoggerLoad - Practice Questions is displayed
[INFO] 2025-04-28 16:50:17.613 [main] LoggerLoad - Sign Page is displayed
[INFO] 2025-04-28 16:50:19.062 [main] LoggerLoad - Sign Out link is displayed successfully.
[INFO] 2025-04-28 16:50:21.937 [main] LoggerLoad - Assessment is displayed
[INFO] 2025-04-28 16:50:29.066 [main] LoggerLoad - Sign Page is displayed
[INFO] 2025-04-28 16:50:30.633 [main] LoggerLoad - Sign Out link is displayed successfully.
[INFO] 2025-04-28 16:50:33.443 [main] LoggerLoad - Assessment is displayed
[INFO] 2025-04-28 16:50:40.210 [main] LoggerLoad - Sign Page is displayed
[INFO] 2025-04-28 16:50:41.467 [main] LoggerLoad - Sign Out link is displayed successfully.
[INFO] 2025-04-28 16:50:44.309 [main] LoggerLoad - Assessment is displayed
[INFO] 2025-04-28 16:50:51.971 [main] LoggerLoad - Sign Page is displayed
[INFO] 2025-04-28 16:50:53.120 [main] LoggerLoad - Sign Out link is displayed successfully.
[INFO] 2025-04-28 16:50:56.009 [main] LoggerLoad - Assessment is displayed
[INFO] 2025-04-28 16:51:03.391 [main] LoggerLoad - Sign Page is displayed
[INFO] 2025-04-28 16:51:04.746 [main] LoggerLoad - Sign Out link is displayed successfully.
[INFO] 2025-04-28 16:51:07.461 [main] LoggerLoad - Assessment is displayed
[INFO] 2025-04-28 16:51:14.913 [main] LoggerLoad - Sign Page is displayed
[INFO] 2025-04-28 16:51:16.246 [main] LoggerLoad - Sign Out link is displayed successfully.
[INFO] 2025-04-28 16:51:18.729 [main] LoggerLoad - Assessment is displayed
[INFO] 2025-04-28 16:51:26.491 [main] LoggerLoad - Sign Page is displayed
[INFO] 2025-04-28 16:51:27.778 [main] LoggerLoad - Sign Out link is displayed successfully.
[INFO] 2025-04-28 16:51:29.590 [main] LoggerLoad - Practice Questions is displayed
[INFO] 2025-04-28 16:51:34.541 [main] LoggerLoad - Sign Page is displayed
[INFO] 2025-04-28 16:51:35.947 [main] LoggerLoad - Sign Out link is displayed successfully.
[INFO] 2025-04-28 16:51:38.952 [main] LoggerLoad - Assessment is displayed
[INFO] 2025-04-28 16:51:45.842 [main] LoggerLoad - Sign Page is displayed
[INFO] 2025-04-28 16:51:47.191 [main] LoggerLoad - Sign Out link is displayed successfully.
[INFO] 2025-04-28 16:51:49.895 [main] LoggerLoad - Assessment is displayed
[INFO] 2025-04-28 16:51:56.726 [main] LoggerLoad - Sign Page is displayed
[INFO] 2025-04-28 16:51:58.016 [main] LoggerLoad - Sign Out link is displayed successfully.
[INFO] 2025-04-28 16:52:00.643 [main] LoggerLoad - Assessment is displayed
[INFO] 2025-04-28 16:52:07.824 [main] LoggerLoad - Sign Page is displayed
[INFO] 2025-04-28 16:52:09.339 [main] LoggerLoad - Sign Out link is displayed successfully.
[INFO] 2025-04-28 16:52:12.348 [main] LoggerLoad - Assessment is displayed
[INFO] 2025-04-28 16:52:20.379 [main] LoggerLoad - Sign Page is displayed
[INFO] 2025-04-28 16:52:21.531 [main] LoggerLoad - Sign Out link is displayed successfully.
[INFO] 2025-04-28 16:52:24.302 [main] LoggerLoad - Assessment is displayed
[INFO] 2025-04-28 16:52:32.178 [main] LoggerLoad - Sign Page is displayed
[INFO] 2025-04-28 16:52:33.496 [main] LoggerLoad - Sign Out link is displayed successfully.
[INFO] 2025-04-28 16:52:36.666 [main] LoggerLoad - Assessment is displayed
[INFO] 2025-04-28 16:52:44.950 [main] LoggerLoad - Sign Page is displayed
[INFO] 2025-04-28 16:52:46.526 [main] LoggerLoad - Sign Out link is displayed successfully.
[INFO] 2025-04-28 16:52:46.979 [main] LoggerLoad - Array is displayed
[INFO] 2025-04-28 16:52:51.106 [main] LoggerLoad - Sign Page is displayed
[INFO] 2025-04-28 16:52:52.540 [main] LoggerLoad - Sign Out link is displayed successfully.
[INFO] 2025-04-28 16:52:53.718 [main] LoggerLoad - Arrays Using List is displayed
[INFO] 2025-04-28 16:52:57.885 [main] LoggerLoad - Sign Page is displayed
[INFO] 2025-04-28 16:52:59.281 [main] LoggerLoad - Sign Out link is displayed successfully.
[INFO] 2025-04-28 16:53:01.527 [main] LoggerLoad - Assessment is displayed
[INFO] 2025-04-28 16:53:05.328 [main] LoggerLoad - Sign Page is displayed
[INFO] 2025-04-28 16:53:06.511 [main] LoggerLoad - Sign Out link is displayed successfully.
[INFO] 2025-04-28 16:53:08.460 [main] LoggerLoad - Assessment is displayed
[INFO] 2025-04-28 16:53:12.323 [main] LoggerLoad - Sign Page is displayed
[INFO] 2025-04-28 16:53:13.757 [main] LoggerLoad - Sign Out link is displayed successfully.
[INFO] 2025-04-28 16:53:15.840 [main] LoggerLoad - Assessment is displayed
[INFO] 2025-04-28 16:53:21.130 [main] LoggerLoad - Sign Page is displayed
[INFO] 2025-04-28 16:53:22.826 [main] LoggerLoad - Sign Out link is displayed successfully.
[INFO] 2025-04-28 16:53:24.839 [main] LoggerLoad - Assessment is displayed
[INFO] 2025-04-28 16:53:31.891 [main] LoggerLoad - Sign Page is displayed
[INFO] 2025-04-28 16:53:33.199 [main] LoggerLoad - Sign Out link is displayed successfully.
[INFO] 2025-04-28 16:53:34.363 [main] LoggerLoad - Arrays Using List is displayed
[INFO] 2025-04-28 16:53:38.429 [main] LoggerLoad - Sign Page is displayed
[INFO] 2025-04-28 16:53:39.893 [main] LoggerLoad - Sign Out link is displayed successfully.
[INFO] 2025-04-28 16:53:40.555 [main] LoggerLoad - Array is displayed
[INFO] 2025-04-28 16:53:44.559 [main] LoggerLoad - Sign Page is displayed
[INFO] 2025-04-28 16:53:46.190 [main] LoggerLoad - Sign Out link is displayed successfully.
[INFO] 2025-04-28 16:53:47.353 [main] LoggerLoad - Basic Operations in Lists is displayed
[INFO] 2025-04-28 16:53:51.749 [main] LoggerLoad - Sign Page is displayed
[INFO] 2025-04-28 16:53:53.275 [main] LoggerLoad - Sign Out link is displayed successfully.
[INFO] 2025-04-28 16:53:55.326 [main] LoggerLoad - Assessment is displayed
[INFO] 2025-04-28 16:54:02.793 [main] LoggerLoad - Sign Page is displayed
[INFO] 2025-04-28 16:54:04.036 [main] LoggerLoad - Sign Out link is displayed successfully.
[INFO] 2025-04-28 16:54:06.042 [main] LoggerLoad - Assessment is displayed
[INFO] 2025-04-28 16:54:12.994 [main] LoggerLoad - Sign Page is displayed
[INFO] 2025-04-28 16:54:14.247 [main] LoggerLoad - Sign Out link is displayed successfully.
[INFO] 2025-04-28 16:54:16.313 [main] LoggerLoad - Assessment is displayed
[INFO] 2025-04-28 16:54:23.147 [main] LoggerLoad - Sign Page is displayed
[INFO] 2025-04-28 16:54:24.379 [main] LoggerLoad - Sign Out link is displayed successfully.
[INFO] 2025-04-28 16:54:26.690 [main] LoggerLoad - Assessment is displayed
[INFO] 2025-04-28 16:54:33.660 [main] LoggerLoad - Sign Page is displayed
[INFO] 2025-04-28 16:54:35.022 [main] LoggerLoad - Sign Out link is displayed successfully.
[INFO] 2025-04-28 16:54:36.157 [main] LoggerLoad - Basic Operations in Lists is displayed
[INFO] 2025-04-28 16:54:40.097 [main] LoggerLoad - Sign Page is displayed
[INFO] 2025-04-28 16:54:41.515 [main] LoggerLoad - Sign Out link is displayed successfully.
[INFO] 2025-04-28 16:54:42.132 [main] LoggerLoad - Array is displayed
[INFO] 2025-04-28 16:54:46.104 [main] LoggerLoad - Sign Page is displayed
[INFO] 2025-04-28 16:54:47.638 [main] LoggerLoad - Sign Out link is displayed successfully.
[INFO] 2025-04-28 16:54:48.897 [main] LoggerLoad - Applications of Array is displayed
[INFO] 2025-04-28 16:54:53.100 [main] LoggerLoad - Sign Page is displayed
[INFO] 2025-04-28 16:54:54.372 [main] LoggerLoad - Sign Out link is displayed successfully.
[INFO] 2025-04-28 16:54:56.361 [main] LoggerLoad - Assessment is displayed
[INFO] 2025-04-28 16:55:03.673 [main] LoggerLoad - Sign Page is displayed
[INFO] 2025-04-28 16:55:05.329 [main] LoggerLoad - Sign Out link is displayed successfully.
[INFO] 2025-04-28 16:55:07.381 [main] LoggerLoad - Assessment is displayed
[INFO] 2025-04-28 16:55:14.261 [main] LoggerLoad - Sign Page is displayed
[INFO] 2025-04-28 16:55:15.684 [main] LoggerLoad - Sign Out link is displayed successfully.
[INFO] 2025-04-28 16:55:17.748 [main] LoggerLoad - Assessment is displayed
[INFO] 2025-04-28 16:55:24.557 [main] LoggerLoad - Sign Page is displayed
[INFO] 2025-04-28 16:55:26.020 [main] LoggerLoad - Sign Out link is displayed successfully.
[INFO] 2025-04-28 16:55:28.102 [main] LoggerLoad - Assessment is displayed
[INFO] 2025-04-28 16:55:35.178 [main] LoggerLoad - Sign Page is displayed
[INFO] 2025-04-28 16:55:36.482 [main] LoggerLoad - Sign Out link is displayed successfully.
[INFO] 2025-04-28 16:55:37.576 [main] LoggerLoad - Applications of Array is displayed
[INFO] 2025-04-30 00:39:16.120 [main] LoggerLoad - Launch page is displayed
[INFO] 2025-04-30 00:39:20.546 [main] LoggerLoad - Sign Out link is displayed successfully.
[INFO] 2025-04-30 00:39:25.838 [main] LoggerLoad - Launch page is displayed
[INFO] 2025-04-30 00:39:30.789 [main] LoggerLoad - Launch page is displayed
[INFO] 2025-04-30 00:39:34.838 [main] LoggerLoad - Launch page is displayed
[INFO] 2025-04-30 00:39:39.365 [main] LoggerLoad - Launch page is displayed
[INFO] 2025-04-30 00:44:58.050 [main] LoggerLoad - Launch page is displayed
[INFO] 2025-04-30 00:44:58.960 [main] LoggerLoad - Home Page is displayed
[INFO] 2025-04-30 00:45:02.549 [main] LoggerLoad - Launch page is displayed
[INFO] 2025-04-30 00:45:03.848 [main] LoggerLoad - Registration page is displayed
[INFO] 2025-04-30 00:45:10.718 [main] LoggerLoad - Launch page is displayed
[INFO] 2025-04-30 00:45:11.823 [main] LoggerLoad - Registration page is displayed
[INFO] 2025-04-30 00:45:16.029 [main] LoggerLoad - Launch page is displayed
[INFO] 2025-04-30 00:45:17.305 [main] LoggerLoad - Registration page is displayed
[INFO] 2025-04-30 00:45:20.770 [main] LoggerLoad - Launch page is displayed
[INFO] 2025-04-30 00:45:22.322 [main] LoggerLoad - Registration page is displayed
[INFO] 2025-04-30 00:45:26.545 [main] LoggerLoad - Launch page is displayed
[INFO] 2025-04-30 00:45:27.792 [main] LoggerLoad - Registration page is displayed
[INFO] 2025-04-30 00:45:31.754 [main] LoggerLoad - Launch page is displayed
[INFO] 2025-04-30 00:45:32.897 [main] LoggerLoad - Registration page is displayed
[INFO] 2025-04-30 00:45:46.645 [main] LoggerLoad - Launch page is displayed
[INFO] 2025-04-30 00:45:48.045 [main] LoggerLoad - Registration page is displayed
[INFO] 2025-04-30 00:45:50.999 [main] LoggerLoad - Launch page is displayed
[INFO] 2025-04-30 00:45:52.245 [main] LoggerLoad - Registration page is displayed
[INFO] 2025-04-30 00:45:55.338 [main] LoggerLoad - Launch page is displayed
[INFO] 2025-04-30 00:45:56.569 [main] LoggerLoad - Registration page is displayed
[INFO] 2025-04-30 00:46:00.459 [main] LoggerLoad - Launch page is displayed
[INFO] 2025-04-30 00:46:01.756 [main] LoggerLoad - Registration page is displayed
[INFO] 2025-04-30 00:46:06.032 [main] LoggerLoad - Launch page is displayed
[INFO] 2025-04-30 00:46:07.506 [main] LoggerLoad - Registration page is displayed
[INFO] 2025-04-30 00:46:23.328 [main] LoggerLoad - Launch page is displayed
[INFO] 2025-04-30 00:46:24.643 [main] LoggerLoad - Registration page is displayed
[INFO] 2025-04-30 00:46:28.258 [main] LoggerLoad - Launch page is displayed
[INFO] 2025-04-30 00:46:29.953 [main] LoggerLoad - Registration page is displayed
[INFO] 2025-04-30 01:01:51.817 [main] LoggerLoad - Launch page is displayed
[INFO] 2025-04-30 01:01:52.538 [main] LoggerLoad - Home Page is displayed
[INFO] 2025-04-30 01:01:55.177 [main] LoggerLoad - Launch page is displayed
[INFO] 2025-04-30 01:01:56.099 [main] LoggerLoad - Registration page is displayed
[INFO] 2025-04-30 01:02:02.337 [main] LoggerLoad - Launch page is displayed
[INFO] 2025-04-30 01:02:03.566 [main] LoggerLoad - Registration page is displayed
[INFO] 2025-04-30 01:02:07.175 [main] LoggerLoad - Launch page is displayed
[INFO] 2025-04-30 01:02:08.233 [main] LoggerLoad - Registration page is displayed
[INFO] 2025-04-30 01:02:11.338 [main] LoggerLoad - Launch page is displayed
[INFO] 2025-04-30 01:02:12.271 [main] LoggerLoad - Registration page is displayed
[INFO] 2025-04-30 01:02:15.703 [main] LoggerLoad - Launch page is displayed
[INFO] 2025-04-30 01:02:16.624 [main] LoggerLoad - Registration page is displayed
[INFO] 2025-04-30 01:02:19.559 [main] LoggerLoad - Launch page is displayed
[INFO] 2025-04-30 01:02:20.556 [main] LoggerLoad - Registration page is displayed
[INFO] 2025-04-30 01:02:36.218 [main] LoggerLoad - Launch page is displayed
[INFO] 2025-04-30 01:02:37.445 [main] LoggerLoad - Registration page is displayed
[INFO] 2025-04-30 01:02:40.232 [main] LoggerLoad - Launch page is displayed
[INFO] 2025-04-30 01:02:41.363 [main] LoggerLoad - Registration page is displayed
[INFO] 2025-04-30 01:02:44.849 [main] LoggerLoad - Launch page is displayed
[INFO] 2025-04-30 01:02:45.858 [main] LoggerLoad - Registration page is displayed
[INFO] 2025-04-30 01:02:49.238 [main] LoggerLoad - Launch page is displayed
[INFO] 2025-04-30 01:02:50.283 [main] LoggerLoad - Registration page is displayed
[INFO] 2025-04-30 01:02:53.898 [main] LoggerLoad - Launch page is displayed
[INFO] 2025-04-30 01:02:54.985 [main] LoggerLoad - Registration page is displayed
[INFO] 2025-04-30 01:03:09.678 [main] LoggerLoad - Launch page is displayed
[INFO] 2025-04-30 01:03:11.061 [main] LoggerLoad - Registration page is displayed
[INFO] 2025-04-30 01:03:14.883 [main] LoggerLoad - Launch page is displayed
[INFO] 2025-04-30 01:03:15.956 [main] LoggerLoad - Registration page is displayed
[INFO] 2025-04-30 01:14:01.204 [main] LoggerLoad - Launch page is displayed
[INFO] 2025-04-30 01:14:01.981 [main] LoggerLoad - Home Page is displayed
[INFO] 2025-04-30 01:14:05.138 [main] LoggerLoad - Launch page is displayed
[INFO] 2025-04-30 01:14:06.602 [main] LoggerLoad - Registration page is displayed
[INFO] 2025-04-30 01:14:12.265 [main] LoggerLoad - Launch page is displayed
[INFO] 2025-04-30 01:14:13.382 [main] LoggerLoad - Registration page is displayed
[INFO] 2025-04-30 01:14:25.432 [main] LoggerLoad - Launch page is displayed
[INFO] 2025-04-30 01:14:39.057 [main] LoggerLoad - Launch page is displayed
[INFO] 2025-04-30 01:14:40.023 [main] LoggerLoad - Registration page is displayed
[INFO] 2025-04-30 01:14:43.721 [main] LoggerLoad - Launch page is displayed
[INFO] 2025-04-30 01:14:44.855 [main] LoggerLoad - Registration page is displayed
[INFO] 2025-04-30 01:14:48.147 [main] LoggerLoad - Launch page is displayed
[INFO] 2025-04-30 01:14:49.128 [main] LoggerLoad - Registration page is displayed
[INFO] 2025-04-30 01:15:02.633 [main] LoggerLoad - Launch page is displayed
[INFO] 2025-04-30 01:15:03.704 [main] LoggerLoad - Registration page is displayed
[INFO] 2025-04-30 01:15:09.444 [main] LoggerLoad - Launch page is displayed
[INFO] 2025-04-30 01:15:10.321 [main] LoggerLoad - Registration page is displayed
[INFO] 2025-04-30 01:15:13.084 [main] LoggerLoad - Launch page is displayed
[INFO] 2025-04-30 01:15:14.119 [main] LoggerLoad - Registration page is displayed
[INFO] 2025-04-30 01:15:17.207 [main] LoggerLoad - Launch page is displayed
[INFO] 2025-04-30 01:15:18.232 [main] LoggerLoad - Registration page is displayed
[INFO] 2025-04-30 01:15:21.590 [main] LoggerLoad - Launch page is displayed
[INFO] 2025-04-30 01:15:22.600 [main] LoggerLoad - Registration page is displayed
[INFO] 2025-04-30 01:15:35.908 [main] LoggerLoad - Launch page is displayed
[INFO] 2025-04-30 01:15:36.786 [main] LoggerLoad - Registration page is displayed
[INFO] 2025-04-30 01:15:39.676 [main] LoggerLoad - Launch page is displayed
[INFO] 2025-04-30 01:15:40.828 [main] LoggerLoad - Registration page is displayed
[INFO] 2025-04-30 01:23:27.583 [main] LoggerLoad - Launch page is displayed
[INFO] 2025-04-30 01:23:28.427 [main] LoggerLoad - Home Page is displayed
[INFO] 2025-04-30 01:23:31.202 [main] LoggerLoad - Launch page is displayed
[INFO] 2025-04-30 01:23:32.489 [main] LoggerLoad - Registration page is displayed
[INFO] 2025-04-30 01:23:36.867 [main] LoggerLoad - Launch page is displayed
[INFO] 2025-04-30 01:23:37.762 [main] LoggerLoad - Registration page is displayed
[INFO] 2025-04-30 01:23:40.785 [main] LoggerLoad - Launch page is displayed
[INFO] 2025-04-30 01:23:41.817 [main] LoggerLoad - Registration page is displayed
[INFO] 2025-04-30 01:23:44.811 [main] LoggerLoad - Launch page is displayed
[INFO] 2025-04-30 01:23:45.784 [main] LoggerLoad - Registration page is displayed
[INFO] 2025-04-30 01:23:49.223 [main] LoggerLoad - Launch page is displayed
[INFO] 2025-04-30 01:23:50.323 [main] LoggerLoad - Registration page is displayed
[INFO] 2025-04-30 01:23:53.929 [main] LoggerLoad - Launch page is displayed
[INFO] 2025-04-30 01:23:54.931 [main] LoggerLoad - Registration page is displayed
[INFO] 2025-04-30 01:24:12.501 [main] LoggerLoad - Launch page is displayed
[INFO] 2025-04-30 01:24:13.509 [main] LoggerLoad - Registration page is displayed
[INFO] 2025-04-30 01:24:16.550 [main] LoggerLoad - Launch page is displayed
[INFO] 2025-04-30 01:24:17.648 [main] LoggerLoad - Registration page is displayed
[INFO] 2025-04-30 01:24:20.273 [main] LoggerLoad - Launch page is displayed
[INFO] 2025-04-30 01:24:21.525 [main] LoggerLoad - Registration page is displayed
[INFO] 2025-04-30 01:24:25.482 [main] LoggerLoad - Launch page is displayed
[INFO] 2025-04-30 01:24:26.783 [main] LoggerLoad - Registration page is displayed
[INFO] 2025-04-30 01:24:31.116 [main] LoggerLoad - Launch page is displayed
[INFO] 2025-04-30 01:24:32.625 [main] LoggerLoad - Registration page is displayed
[INFO] 2025-04-30 01:24:47.047 [main] LoggerLoad - Launch page is displayed
[INFO] 2025-04-30 01:24:48.132 [main] LoggerLoad - Registration page is displayed
[INFO] 2025-04-30 01:24:51.306 [main] LoggerLoad - Launch page is displayed
[INFO] 2025-04-30 01:24:52.308 [main] LoggerLoad - Registration page is displayed
[INFO] 2025-05-02 11:24:57.357 [main] LoggerLoad - Home Page is displayed
[INFO] 2025-05-02 11:25:01.317 [main] LoggerLoad - Registration page is displayed
[INFO] 2025-05-02 11:25:07.485 [main] LoggerLoad - Registration page is displayed
[INFO] 2025-05-02 11:25:11.405 [main] LoggerLoad - Registration page is displayed
[INFO] 2025-05-02 11:25:15.244 [main] LoggerLoad - Registration page is displayed
[INFO] 2025-05-02 11:25:19.234 [main] LoggerLoad - Registration page is displayed
[INFO] 2025-05-02 11:25:23.087 [main] LoggerLoad - Registration page is displayed
[INFO] 2025-05-02 11:25:37.158 [main] LoggerLoad - Registration page is displayed
[INFO] 2025-05-02 11:25:40.499 [main] LoggerLoad - Registration page is displayed
[INFO] 2025-05-02 11:25:43.757 [main] LoggerLoad - Registration page is displayed
[INFO] 2025-05-02 11:25:47.661 [main] LoggerLoad - Registration page is displayed
[INFO] 2025-05-02 11:25:51.195 [main] LoggerLoad - Registration page is displayed
[INFO] 2025-05-02 11:26:05.827 [main] LoggerLoad - Registration page is displayed
[INFO] 2025-05-02 11:26:09.483 [main] LoggerLoad - Registration page is displayed
[INFO] 2025-05-02 11:27:25.287 [main] LoggerLoad - Launch page is displayed
[INFO] 2025-05-02 11:27:26.016 [main] LoggerLoad - Home Page is displayed
[INFO] 2025-05-02 11:27:28.710 [main] LoggerLoad - Launch page is displayed
[INFO] 2025-05-02 11:27:29.865 [main] LoggerLoad - Registration page is displayed
[INFO] 2025-05-02 11:27:34.067 [main] LoggerLoad - Launch page is displayed
[INFO] 2025-05-02 11:27:34.936 [main] LoggerLoad - Registration page is displayed
[INFO] 2025-05-02 11:27:37.778 [main] LoggerLoad - Launch page is displayed
[INFO] 2025-05-02 11:27:38.666 [main] LoggerLoad - Registration page is displayed
[INFO] 2025-05-02 11:27:41.518 [main] LoggerLoad - Launch page is displayed
[INFO] 2025-05-02 11:27:42.296 [main] LoggerLoad - Registration page is displayed
[INFO] 2025-05-02 11:27:45.545 [main] LoggerLoad - Launch page is displayed
[INFO] 2025-05-02 11:27:46.368 [main] LoggerLoad - Registration page is displayed
[INFO] 2025-05-02 11:27:49.469 [main] LoggerLoad - Launch page is displayed
[INFO] 2025-05-02 11:27:50.304 [main] LoggerLoad - Registration page is displayed
[INFO] 2025-05-02 11:28:03.716 [main] LoggerLoad - Launch page is displayed
[INFO] 2025-05-02 11:28:04.660 [main] LoggerLoad - Registration page is displayed
[INFO] 2025-05-02 11:28:07.567 [main] LoggerLoad - Launch page is displayed
[INFO] 2025-05-02 11:28:08.397 [main] LoggerLoad - Registration page is displayed
[INFO] 2025-05-02 11:28:11.238 [main] LoggerLoad - Launch page is displayed
[INFO] 2025-05-02 11:28:12.031 [main] LoggerLoad - Registration page is displayed
[INFO] 2025-05-02 11:28:14.896 [main] LoggerLoad - Launch page is displayed
[INFO] 2025-05-02 11:28:15.832 [main] LoggerLoad - Registration page is displayed
[INFO] 2025-05-02 11:28:18.787 [main] LoggerLoad - Launch page is displayed
[INFO] 2025-05-02 11:28:19.735 [main] LoggerLoad - Registration page is displayed
[INFO] 2025-05-02 11:28:34.989 [main] LoggerLoad - Launch page is displayed
[INFO] 2025-05-02 11:28:35.829 [main] LoggerLoad - Registration page is displayed
[INFO] 2025-05-02 11:28:38.703 [main] LoggerLoad - Launch page is displayed
[INFO] 2025-05-02 11:28:39.615 [main] LoggerLoad - Registration page is displayed
[INFO] 2025-05-02 11:35:05.539 [main] LoggerLoad - Launch page is displayed
[INFO] 2025-05-02 11:35:06.455 [main] LoggerLoad - Home Page is displayed
[INFO] 2025-05-02 11:35:09.145 [main] LoggerLoad - Launch page is displayed
[INFO] 2025-05-02 11:35:10.394 [main] LoggerLoad - Registration page is displayed
[INFO] 2025-05-02 11:35:15.203 [main] LoggerLoad - Launch page is displayed
[INFO] 2025-05-02 11:35:16.287 [main] LoggerLoad - Registration page is displayed
[INFO] 2025-05-02 11:35:19.432 [main] LoggerLoad - Launch page is displayed
[INFO] 2025-05-02 11:35:20.399 [main] LoggerLoad - Registration page is displayed
[INFO] 2025-05-02 11:35:24.058 [main] LoggerLoad - Launch page is displayed
[INFO] 2025-05-02 11:35:25.218 [main] LoggerLoad - Registration page is displayed
[INFO] 2025-05-02 11:35:28.978 [main] LoggerLoad - Launch page is displayed
[INFO] 2025-05-02 11:35:30.234 [main] LoggerLoad - Registration page is displayed
[INFO] 2025-05-02 11:35:33.825 [main] LoggerLoad - Launch page is displayed
[INFO] 2025-05-02 11:35:35.237 [main] LoggerLoad - Registration page is displayed
[INFO] 2025-05-02 11:40:51.649 [main] LoggerLoad - Launch page is displayed
[INFO] 2025-05-02 11:40:52.324 [main] LoggerLoad - Home Page is displayed
[INFO] 2025-05-02 11:40:55.122 [main] LoggerLoad - Launch page is displayed
[INFO] 2025-05-02 11:40:56.183 [main] LoggerLoad - Registration page is displayed
[INFO] 2025-05-02 11:41:01.080 [main] LoggerLoad - Launch page is displayed
[INFO] 2025-05-02 11:41:02.141 [main] LoggerLoad - Registration page is displayed
[INFO] 2025-05-02 11:41:05.789 [main] LoggerLoad - Launch page is displayed
[INFO] 2025-05-02 11:41:07.035 [main] LoggerLoad - Registration page is displayed
[INFO] 2025-05-02 11:41:11.072 [main] LoggerLoad - Launch page is displayed
[INFO] 2025-05-02 11:41:12.095 [main] LoggerLoad - Registration page is displayed
[INFO] 2025-05-02 11:41:16.413 [main] LoggerLoad - Launch page is displayed
[INFO] 2025-05-02 11:41:17.489 [main] LoggerLoad - Registration page is displayed
[INFO] 2025-05-02 11:41:23.226 [main] LoggerLoad - Launch page is displayed
[INFO] 2025-05-02 11:41:24.215 [main] LoggerLoad - Registration page is displayed
[INFO] 2025-05-02 11:41:38.769 [main] LoggerLoad - Launch page is displayed
[INFO] 2025-05-02 11:41:39.571 [main] LoggerLoad - Registration page is displayed
[INFO] 2025-05-02 11:41:43.015 [main] LoggerLoad - Launch page is displayed
[INFO] 2025-05-02 11:41:44.018 [main] LoggerLoad - Registration page is displayed
[INFO] 2025-05-02 11:41:47.431 [main] LoggerLoad - Launch page is displayed
[INFO] 2025-05-02 11:41:48.649 [main] LoggerLoad - Registration page is displayed
[INFO] 2025-05-02 11:41:52.192 [main] LoggerLoad - Launch page is displayed
[INFO] 2025-05-02 11:41:53.406 [main] LoggerLoad - Registration page is displayed
[INFO] 2025-05-02 11:41:57.232 [main] LoggerLoad - Launch page is displayed
[INFO] 2025-05-02 11:41:58.338 [main] LoggerLoad - Registration page is displayed
[INFO] 2025-05-02 11:45:58.718 [main] LoggerLoad - Launch page is displayed
[INFO] 2025-05-02 11:45:59.387 [main] LoggerLoad - Home Page is displayed
[INFO] 2025-05-02 11:46:02.385 [main] LoggerLoad - Launch page is displayed
[INFO] 2025-05-02 11:46:03.348 [main] LoggerLoad - Registration page is displayed
[INFO] 2025-05-02 11:46:08.024 [main] LoggerLoad - Launch page is displayed
[INFO] 2025-05-02 11:46:09.135 [main] LoggerLoad - Registration page is displayed
[INFO] 2025-05-02 11:46:12.781 [main] LoggerLoad - Launch page is displayed
[INFO] 2025-05-02 11:46:13.731 [main] LoggerLoad - Registration page is displayed
[INFO] 2025-05-02 11:46:16.811 [main] LoggerLoad - Launch page is displayed
[INFO] 2025-05-02 11:46:17.779 [main] LoggerLoad - Registration page is displayed
[INFO] 2025-05-02 11:46:21.264 [main] LoggerLoad - Launch page is displayed
[INFO] 2025-05-02 11:46:25.686 [main] LoggerLoad - Registration page is displayed
[INFO] 2025-05-02 11:46:28.894 [main] LoggerLoad - Launch page is displayed
[INFO] 2025-05-02 11:46:29.793 [main] LoggerLoad - Registration page is displayed
[INFO] 2025-05-02 11:46:43.357 [main] LoggerLoad - Launch page is displayed
[INFO] 2025-05-02 11:46:44.382 [main] LoggerLoad - Registration page is displayed
[INFO] 2025-05-02 11:46:47.308 [main] LoggerLoad - Launch page is displayed
[INFO] 2025-05-02 11:46:48.387 [main] LoggerLoad - Registration page is displayed
[INFO] 2025-05-02 11:46:51.194 [main] LoggerLoad - Launch page is displayed
[INFO] 2025-05-02 11:46:52.318 [main] LoggerLoad - Registration page is displayed
[INFO] 2025-05-02 11:46:55.399 [main] LoggerLoad - Launch page is displayed
[INFO] 2025-05-02 11:46:56.508 [main] LoggerLoad - Registration page is displayed
[INFO] 2025-05-02 11:46:59.665 [main] LoggerLoad - Launch page is displayed
[INFO] 2025-05-02 11:47:00.661 [main] LoggerLoad - Registration page is displayed
[INFO] 2025-05-02 11:47:14.398 [main] LoggerLoad - Launch page is displayed
[INFO] 2025-05-02 11:47:15.342 [main] LoggerLoad - Registration page is displayed
[INFO] 2025-05-02 11:47:18.779 [main] LoggerLoad - Launch page is displayed
[INFO] 2025-05-02 11:47:19.758 [main] LoggerLoad - Registration page is displayed
[INFO] 2025-05-02 12:06:45.222 [main] LoggerLoad - Launch page is displayed
[INFO] 2025-05-02 12:06:45.950 [main] LoggerLoad - Home Page is displayed
[INFO] 2025-05-02 12:06:48.691 [main] LoggerLoad - Launch page is displayed
[INFO] 2025-05-02 12:06:50.099 [main] LoggerLoad - Registration page is displayed
[INFO] 2025-05-02 12:06:54.636 [main] LoggerLoad - Launch page is displayed
[INFO] 2025-05-02 12:06:56.174 [main] LoggerLoad - Registration page is displayed
[INFO] 2025-05-02 12:07:01.369 [main] LoggerLoad - Launch page is displayed
[INFO] 2025-05-02 12:07:02.469 [main] LoggerLoad - Registration page is displayed
[INFO] 2025-05-02 12:07:05.212 [main] LoggerLoad - Launch page is displayed
[INFO] 2025-05-02 12:07:06.430 [main] LoggerLoad - Registration page is displayed
[INFO] 2025-05-02 12:07:10.518 [main] LoggerLoad - Launch page is displayed
[INFO] 2025-05-02 12:07:11.608 [main] LoggerLoad - Registration page is displayed
[INFO] 2025-05-02 12:07:15.299 [main] LoggerLoad - Launch page is displayed
[INFO] 2025-05-02 12:07:16.341 [main] LoggerLoad - Registration page is displayed
[INFO] 2025-05-02 12:07:29.889 [main] LoggerLoad - Launch page is displayed
[INFO] 2025-05-02 12:07:30.923 [main] LoggerLoad - Registration page is displayed
[INFO] 2025-05-02 12:07:34.041 [main] LoggerLoad - Launch page is displayed
[INFO] 2025-05-02 12:07:35.255 [main] LoggerLoad - Registration page is displayed
[INFO] 2025-05-02 12:07:38.563 [main] LoggerLoad - Launch page is displayed
[INFO] 2025-05-02 12:07:39.507 [main] LoggerLoad - Registration page is displayed
[INFO] 2025-05-02 12:07:43.904 [main] LoggerLoad - Launch page is displayed
[INFO] 2025-05-02 12:07:44.969 [main] LoggerLoad - Registration page is displayed
[INFO] 2025-05-02 12:07:48.439 [main] LoggerLoad - Launch page is displayed
[INFO] 2025-05-02 12:07:49.401 [main] LoggerLoad - Registration page is displayed
[INFO] 2025-05-02 12:08:02.642 [main] LoggerLoad - Launch page is displayed
[INFO] 2025-05-02 12:08:03.660 [main] LoggerLoad - Registration page is displayed
[INFO] 2025-05-02 12:08:06.773 [main] LoggerLoad - Launch page is displayed
[INFO] 2025-05-02 12:08:07.874 [main] LoggerLoad - Registration page is displayed
[INFO] 2025-05-02 12:12:36.881 [main] LoggerLoad - Launch page is displayed
[INFO] 2025-05-02 12:12:37.680 [main] LoggerLoad - Home Page is displayed
[INFO] 2025-05-02 12:12:40.445 [main] LoggerLoad - Launch page is displayed
[INFO] 2025-05-02 12:12:41.446 [main] LoggerLoad - Registration page is displayed
[INFO] 2025-05-02 12:12:45.822 [main] LoggerLoad - Launch page is displayed
[INFO] 2025-05-02 12:12:46.711 [main] LoggerLoad - Registration page is displayed
[INFO] 2025-05-02 12:12:49.668 [main] LoggerLoad - Launch page is displayed
[INFO] 2025-05-02 12:12:50.646 [main] LoggerLoad - Registration page is displayed
[INFO] 2025-05-02 12:12:53.543 [main] LoggerLoad - Launch page is displayed
[INFO] 2025-05-02 12:12:54.565 [main] LoggerLoad - Registration page is displayed
[INFO] 2025-05-02 12:12:57.947 [main] LoggerLoad - Launch page is displayed
[INFO] 2025-05-02 12:12:58.880 [main] LoggerLoad - Registration page is displayed
[INFO] 2025-05-02 12:13:02.534 [main] LoggerLoad - Launch page is displayed
[INFO] 2025-05-02 12:13:03.531 [main] LoggerLoad - Registration page is displayed
[INFO] 2025-05-02 12:13:17.540 [main] LoggerLoad - Launch page is displayed
[INFO] 2025-05-02 12:13:18.726 [main] LoggerLoad - Registration page is displayed
[INFO] 2025-05-02 12:13:21.574 [main] LoggerLoad - Launch page is displayed
[INFO] 2025-05-02 12:13:22.720 [main] LoggerLoad - Registration page is displayed
[INFO] 2025-05-02 12:13:25.798 [main] LoggerLoad - Launch page is displayed
[INFO] 2025-05-02 12:13:26.781 [main] LoggerLoad - Registration page is displayed
[INFO] 2025-05-02 12:13:30.110 [main] LoggerLoad - Launch page is displayed
[INFO] 2025-05-02 12:13:31.236 [main] LoggerLoad - Registration page is displayed
[INFO] 2025-05-02 12:13:34.038 [main] LoggerLoad - Launch page is displayed
[INFO] 2025-05-02 12:13:35.106 [main] LoggerLoad - Registration page is displayed
[INFO] 2025-05-02 12:13:48.837 [main] LoggerLoad - Launch page is displayed
[INFO] 2025-05-02 12:13:50.485 [main] LoggerLoad - Registration page is displayed
[INFO] 2025-05-02 12:13:53.825 [main] LoggerLoad - Launch page is displayed
[INFO] 2025-05-02 12:13:54.820 [main] LoggerLoad - Registration page is displayed
[INFO] 2025-05-02 12:36:02.518 [main] LoggerLoad - Launch page is displayed
[INFO] 2025-05-02 12:36:03.272 [main] LoggerLoad - Home Page is displayed
[INFO] 2025-05-02 12:36:06.782 [main] LoggerLoad - Launch page is displayed
[INFO] 2025-05-02 12:36:07.796 [main] LoggerLoad - Registration page is displayed
[INFO] 2025-05-02 12:36:11.962 [main] LoggerLoad - Launch page is displayed
[INFO] 2025-05-02 12:36:12.895 [main] LoggerLoad - Registration page is displayed
[INFO] 2025-05-02 12:36:15.647 [main] LoggerLoad - Launch page is displayed
[INFO] 2025-05-02 12:36:16.770 [main] LoggerLoad - Registration page is displayed
[INFO] 2025-05-02 12:36:19.686 [main] LoggerLoad - Launch page is displayed
[INFO] 2025-05-02 12:36:21.216 [main] LoggerLoad - Registration page is displayed
[INFO] 2025-05-02 12:36:25.500 [main] LoggerLoad - Launch page is displayed
[INFO] 2025-05-02 12:36:26.536 [main] LoggerLoad - Registration page is displayed
[INFO] 2025-05-02 12:36:30.083 [main] LoggerLoad - Launch page is displayed
[INFO] 2025-05-02 12:36:31.063 [main] LoggerLoad - Registration page is displayed
[INFO] 2025-05-02 12:36:45.394 [main] LoggerLoad - Launch page is displayed
[INFO] 2025-05-02 12:36:46.334 [main] LoggerLoad - Registration page is displayed
[INFO] 2025-05-02 12:36:49.545 [main] LoggerLoad - Launch page is displayed
[INFO] 2025-05-02 12:36:50.731 [main] LoggerLoad - Registration page is displayed
[INFO] 2025-05-02 12:36:54.056 [main] LoggerLoad - Launch page is displayed
[INFO] 2025-05-02 12:36:54.988 [main] LoggerLoad - Registration page is displayed
[INFO] 2025-05-02 12:36:58.443 [main] LoggerLoad - Launch page is displayed
[INFO] 2025-05-02 12:36:59.592 [main] LoggerLoad - Registration page is displayed
[INFO] 2025-05-02 12:37:02.955 [main] LoggerLoad - Launch page is displayed
[INFO] 2025-05-02 12:37:04.015 [main] LoggerLoad - Registration page is displayed
[INFO] 2025-05-02 12:37:18.971 [main] LoggerLoad - Launch page is displayed
[INFO] 2025-05-02 12:37:20.143 [main] LoggerLoad - Registration page is displayed
[INFO] 2025-05-02 12:37:23.109 [main] LoggerLoad - Launch page is displayed
[INFO] 2025-05-02 12:37:24.086 [main] LoggerLoad - Registration page is displayed
[INFO] 2025-05-02 12:54:29.652 [main] LoggerLoad - Launch page is displayed
[INFO] 2025-05-02 12:54:30.337 [main] LoggerLoad - Home Page is displayed
[INFO] 2025-05-02 12:54:32.832 [main] LoggerLoad - Launch page is displayed
[INFO] 2025-05-02 12:54:33.588 [main] LoggerLoad - Registration page is displayed
[INFO] 2025-05-02 12:54:41.339 [main] LoggerLoad - Launch page is displayed
[INFO] 2025-05-02 12:54:42.043 [main] LoggerLoad - Registration page is displayed
[INFO] 2025-05-02 12:54:44.388 [main] LoggerLoad - Launch page is displayed
[INFO] 2025-05-02 12:54:45.054 [main] LoggerLoad - Registration page is displayed
[INFO] 2025-05-02 12:54:47.300 [main] LoggerLoad - Launch page is displayed
[INFO] 2025-05-02 12:54:47.987 [main] LoggerLoad - Registration page is displayed
[INFO] 2025-05-02 12:54:50.379 [main] LoggerLoad - Launch page is displayed
[INFO] 2025-05-02 12:54:51.335 [main] LoggerLoad - Registration page is displayed
[INFO] 2025-05-02 12:54:54.677 [main] LoggerLoad - Launch page is displayed
[INFO] 2025-05-02 12:54:55.412 [main] LoggerLoad - Registration page is displayed
[INFO] 2025-05-02 12:55:09.896 [main] LoggerLoad - Launch page is displayed
[INFO] 2025-05-02 12:55:10.638 [main] LoggerLoad - Registration page is displayed
[INFO] 2025-05-02 12:55:12.661 [main] LoggerLoad - Launch page is displayed
[INFO] 2025-05-02 12:55:13.443 [main] LoggerLoad - Registration page is displayed
[INFO] 2025-05-02 12:55:15.728 [main] LoggerLoad - Launch page is displayed
[INFO] 2025-05-02 12:55:16.477 [main] LoggerLoad - Registration page is displayed
[INFO] 2025-05-02 12:55:18.907 [main] LoggerLoad - Launch page is displayed
[INFO] 2025-05-02 12:55:19.788 [main] LoggerLoad - Registration page is displayed
[INFO] 2025-05-02 12:55:22.307 [main] LoggerLoad - Launch page is displayed
[INFO] 2025-05-02 12:55:22.996 [main] LoggerLoad - Registration page is displayed
[INFO] 2025-05-02 12:55:37.406 [main] LoggerLoad - Launch page is displayed
[INFO] 2025-05-02 12:55:38.050 [main] LoggerLoad - Registration page is displayed
[INFO] 2025-05-02 12:55:40.546 [main] LoggerLoad - Launch page is displayed
[INFO] 2025-05-02 12:55:41.252 [main] LoggerLoad - Registration page is displayed
[INFO] 2025-05-02 13:28:05.561 [main] LoggerLoad - Launch page is displayed
[INFO] 2025-05-02 13:28:06.210 [main] LoggerLoad - Home Page is displayed
[INFO] 2025-05-02 13:28:08.445 [main] LoggerLoad - Launch page is displayed
[INFO] 2025-05-02 13:28:09.176 [main] LoggerLoad - Registration page is displayed
[INFO] 2025-05-02 13:28:12.721 [main] LoggerLoad - Launch page is displayed
[INFO] 2025-05-02 13:28:13.473 [main] LoggerLoad - Registration page is displayed
[INFO] 2025-05-02 13:28:15.974 [main] LoggerLoad - Launch page is displayed
[INFO] 2025-05-02 13:28:16.731 [main] LoggerLoad - Registration page is displayed
[INFO] 2025-05-02 13:28:19.118 [main] LoggerLoad - Launch page is displayed
[INFO] 2025-05-02 13:28:19.871 [main] LoggerLoad - Registration page is displayed
[INFO] 2025-05-02 13:28:22.304 [main] LoggerLoad - Launch page is displayed
[INFO] 2025-05-02 13:28:23.000 [main] LoggerLoad - Registration page is displayed
[INFO] 2025-05-02 13:28:25.313 [main] LoggerLoad - Launch page is displayed
[INFO] 2025-05-02 13:28:26.149 [main] LoggerLoad - Registration page is displayed
[INFO] 2025-05-02 13:28:40.728 [main] LoggerLoad - Launch page is displayed
[INFO] 2025-05-02 13:28:41.521 [main] LoggerLoad - Registration page is displayed
[INFO] 2025-05-02 13:28:43.855 [main] LoggerLoad - Launch page is displayed
[INFO] 2025-05-02 13:28:44.640 [main] LoggerLoad - Registration page is displayed
[INFO] 2025-05-02 13:28:47.069 [main] LoggerLoad - Launch page is displayed
[INFO] 2025-05-02 13:28:47.871 [main] LoggerLoad - Registration page is displayed
[INFO] 2025-05-02 13:28:50.307 [main] LoggerLoad - Launch page is displayed
[INFO] 2025-05-02 13:28:51.157 [main] LoggerLoad - Registration page is displayed
[INFO] 2025-05-02 13:28:53.471 [main] LoggerLoad - Launch page is displayed
[INFO] 2025-05-02 13:28:54.205 [main] LoggerLoad - Registration page is displayed
[INFO] 2025-05-02 13:29:08.427 [main] LoggerLoad - Launch page is displayed
[INFO] 2025-05-02 13:29:09.212 [main] LoggerLoad - Registration page is displayed
[INFO] 2025-05-02 13:29:11.797 [main] LoggerLoad - Launch page is displayed
[INFO] 2025-05-02 13:29:12.549 [main] LoggerLoad - Registration page is displayed
[INFO] 2025-05-02 16:17:34.008 [main] LoggerLoad - Launch page is displayed
[INFO] 2025-05-02 16:17:34.511 [main] LoggerLoad - Home Page is displayed
[INFO] 2025-05-02 16:17:36.622 [main] LoggerLoad - Launch page is displayed
[INFO] 2025-05-02 16:17:37.467 [main] LoggerLoad - Registration page is displayed
[INFO] 2025-05-02 16:17:41.700 [main] LoggerLoad - Launch page is displayed
[INFO] 2025-05-02 16:17:42.476 [main] LoggerLoad - Registration page is displayed
[INFO] 2025-05-02 16:17:45.247 [main] LoggerLoad - Launch page is displayed
[INFO] 2025-05-02 16:17:46.234 [main] LoggerLoad - Registration page is displayed
[INFO] 2025-05-02 16:17:49.338 [main] LoggerLoad - Launch page is displayed
[INFO] 2025-05-02 16:17:50.246 [main] LoggerLoad - Registration page is displayed
[INFO] 2025-05-02 16:17:53.001 [main] LoggerLoad - Launch page is displayed
[INFO] 2025-05-02 16:17:53.789 [main] LoggerLoad - Registration page is displayed
[INFO] 2025-05-02 16:17:56.511 [main] LoggerLoad - Launch page is displayed
[INFO] 2025-05-02 16:17:59.541 [main] LoggerLoad - Registration page is displayed
[INFO] 2025-05-02 16:18:12.625 [main] LoggerLoad - Launch page is displayed
[INFO] 2025-05-02 16:18:13.442 [main] LoggerLoad - Registration page is displayed
[INFO] 2025-05-02 16:18:15.857 [main] LoggerLoad - Launch page is displayed
[INFO] 2025-05-02 16:18:16.619 [main] LoggerLoad - Registration page is displayed
[INFO] 2025-05-02 16:18:18.822 [main] LoggerLoad - Launch page is displayed
[INFO] 2025-05-02 16:18:19.548 [main] LoggerLoad - Registration page is displayed
[INFO] 2025-05-02 16:18:22.037 [main] LoggerLoad - Launch page is displayed
[INFO] 2025-05-02 16:18:22.847 [main] LoggerLoad - Registration page is displayed
[INFO] 2025-05-02 16:18:25.509 [main] LoggerLoad - Launch page is displayed
[INFO] 2025-05-02 16:18:26.238 [main] LoggerLoad - Registration page is displayed
[INFO] 2025-05-02 16:18:39.208 [main] LoggerLoad - Launch page is displayed
[INFO] 2025-05-02 16:18:40.223 [main] LoggerLoad - Registration page is displayed
[INFO] 2025-05-02 16:18:42.879 [main] LoggerLoad - Launch page is displayed
[INFO] 2025-05-02 16:18:43.695 [main] LoggerLoad - Registration page is displayed
[INFO] 2025-05-02 16:25:42.334 [main] LoggerLoad - Launch page is displayed
[INFO] 2025-05-02 16:25:42.848 [main] LoggerLoad - Home Page is displayed
[INFO] 2025-05-02 16:25:45.026 [main] LoggerLoad - Launch page is displayed
[INFO] 2025-05-02 16:25:45.755 [main] LoggerLoad - Registration page is displayed
[INFO] 2025-05-02 16:25:49.011 [main] LoggerLoad - Launch page is displayed
[INFO] 2025-05-02 16:25:49.784 [main] LoggerLoad - Registration page is displayed
[INFO] 2025-05-02 16:25:52.340 [main] LoggerLoad - Launch page is displayed
[INFO] 2025-05-02 16:25:53.180 [main] LoggerLoad - Registration page is displayed
[INFO] 2025-05-02 16:25:55.621 [main] LoggerLoad - Launch page is displayed
[INFO] 2025-05-02 16:25:56.450 [main] LoggerLoad - Registration page is displayed
[INFO] 2025-05-02 16:26:21.896 [main] LoggerLoad - Launch page is displayed
[INFO] 2025-05-02 16:26:22.442 [main] LoggerLoad - Home Page is displayed
[INFO] 2025-05-02 16:26:26.056 [main] LoggerLoad - Launch page is displayed
[INFO] 2025-05-02 16:26:27.118 [main] LoggerLoad - Registration page is displayed
[INFO] 2025-05-02 16:26:30.404 [main] LoggerLoad - Launch page is displayed
[INFO] 2025-05-02 16:26:31.245 [main] LoggerLoad - Registration page is displayed
[INFO] 2025-05-02 16:26:33.775 [main] LoggerLoad - Launch page is displayed
[INFO] 2025-05-02 16:26:34.532 [main] LoggerLoad - Registration page is displayed
[INFO] 2025-05-02 16:26:36.952 [main] LoggerLoad - Launch page is displayed
[INFO] 2025-05-02 16:26:37.894 [main] LoggerLoad - Registration page is displayed
[INFO] 2025-05-02 16:26:40.932 [main] LoggerLoad - Launch page is displayed
[INFO] 2025-05-02 16:26:41.696 [main] LoggerLoad - Registration page is displayed
[INFO] 2025-05-02 16:26:44.488 [main] LoggerLoad - Launch page is displayed
[INFO] 2025-05-02 16:26:45.233 [main] LoggerLoad - Registration page is displayed
[INFO] 2025-05-02 16:26:58.389 [main] LoggerLoad - Launch page is displayed
[INFO] 2025-05-02 16:26:59.155 [main] LoggerLoad - Registration page is displayed
[INFO] 2025-05-02 16:27:01.835 [main] LoggerLoad - Launch page is displayed
[INFO] 2025-05-02 16:27:02.660 [main] LoggerLoad - Registration page is displayed
[INFO] 2025-05-02 16:27:05.213 [main] LoggerLoad - Launch page is displayed
[INFO] 2025-05-02 16:27:05.966 [main] LoggerLoad - Registration page is displayed
[INFO] 2025-05-02 16:27:08.489 [main] LoggerLoad - Launch page is displayed
[INFO] 2025-05-02 16:27:09.288 [main] LoggerLoad - Registration page is displayed
[INFO] 2025-05-02 16:27:12.078 [main] LoggerLoad - Launch page is displayed
[INFO] 2025-05-02 16:27:13.249 [main] LoggerLoad - Registration page is displayed
[INFO] 2025-05-02 16:32:16.948 [main] LoggerLoad - Launch page is displayed
[INFO] 2025-05-02 16:32:17.852 [main] LoggerLoad - Home Page is displayed
[INFO] 2025-05-02 16:32:18.076 [main] LoggerLoad - User clicks Register link
[INFO] 2025-05-02 16:32:20.421 [main] LoggerLoad - Launch page is displayed
[INFO] 2025-05-02 16:32:21.421 [main] LoggerLoad - Registration page is displayed
[INFO] 2025-05-02 16:32:25.470 [main] LoggerLoad - Launch page is displayed
[INFO] 2025-05-02 16:32:26.213 [main] LoggerLoad - Registration page is displayed
[INFO] 2025-05-02 16:32:28.586 [main] LoggerLoad - Launch page is displayed
[INFO] 2025-05-02 16:32:29.471 [main] LoggerLoad - Registration page is displayed
[INFO] 2025-05-02 16:32:31.789 [main] LoggerLoad - Launch page is displayed
[INFO] 2025-05-02 16:32:32.576 [main] LoggerLoad - Registration page is displayed
[INFO] 2025-05-02 16:32:35.150 [main] LoggerLoad - Launch page is displayed
[INFO] 2025-05-02 16:32:35.989 [main] LoggerLoad - Registration page is displayed
[INFO] 2025-05-02 16:32:38.669 [main] LoggerLoad - Launch page is displayed
[INFO] 2025-05-02 16:32:39.376 [main] LoggerLoad - Registration page is displayed
[INFO] 2025-05-02 16:32:52.430 [main] LoggerLoad - Launch page is displayed
[INFO] 2025-05-02 16:32:53.228 [main] LoggerLoad - Registration page is displayed
[INFO] 2025-05-02 16:32:55.732 [main] LoggerLoad - Launch page is displayed
[INFO] 2025-05-02 16:32:56.711 [main] LoggerLoad - Registration page is displayed
[INFO] 2025-05-02 16:32:58.883 [main] LoggerLoad - Launch page is displayed
[INFO] 2025-05-02 16:32:59.562 [main] LoggerLoad - Registration page is displayed
[INFO] 2025-05-02 16:33:01.879 [main] LoggerLoad - Launch page is displayed
[INFO] 2025-05-02 16:33:02.610 [main] LoggerLoad - Registration page is displayed
[INFO] 2025-05-02 16:33:04.990 [main] LoggerLoad - Launch page is displayed
[INFO] 2025-05-02 16:33:05.751 [main] LoggerLoad - Registration page is displayed
[INFO] 2025-05-02 16:33:18.840 [main] LoggerLoad - Launch page is displayed
[INFO] 2025-05-02 16:33:19.565 [main] LoggerLoad - Registration page is displayed
[INFO] 2025-05-02 16:33:22.092 [main] LoggerLoad - Launch page is displayed
[INFO] 2025-05-02 16:33:23.005 [main] LoggerLoad - Registration page is displayed
